0 info it worked if it ends with ok
1 verbose cli [ 'F:\\node\\node.exe',
1 verbose cli   'F:\\node\\node_modules\\npm\\bin\\npm-cli.js',
1 verbose cli   'start' ]
2 info using npm@3.10.8
3 info using node@v6.9.1
4 verbose run-script [ 'prestart', 'start', 'poststart' ]
5 info lifecycle catEyesReac-front@1.0.0~prestart: catEyesReac-front@1.0.0
6 silly lifecycle catEyesReac-front@1.0.0~prestart: no script for prestart, continuing
7 info lifecycle catEyesReac-front@1.0.0~start: catEyesReac-front@1.0.0
8 verbose lifecycle catEyesReac-front@1.0.0~start: unsafe-perm in lifecycle true
9 verbose lifecycle catEyesReac-front@1.0.0~start: PATH: F:\node\node_modules\npm\bin\node-gyp-bin;F:\WEB\project\catEyesReac-front\node_modules\.bin;F:\node\;F:\AppCan\AppCanStudioPersonalV4.0\AppCan-IDE\jre\bin\;F:\AppCan\AppCanStudioPersonalV4.0\HDK\emulator\mas\;;C:\Program Files (x86)\Intel\iCLS Client\;C:\Program Files\Intel\iCLS Client\;C:\Program Files (x86)\NVIDIA Corporation\PhysX\Common;C:\windows\system32;C:\windows;C:\windows\System32\Wbem;C:\windows\System32\WindowsPowerShell\v1.0\;C:\Program Files (x86)\Intel\OpenCL SDK\2.0\bin\x86;C:\Program Files (x86)\Intel\OpenCL SDK\2.0\bin\x64;C:\Program Files\Intel\Intel(R) Management Engine Components\DAL;C:\Program Files\Intel\Intel(R) Management Engine Components\IPT;C:\Program Files (x86)\Intel\Intel(R) Management Engine Components\DAL;C:\Program Files (x86)\Intel\Intel(R) Management Engine Components\IPT;C:\Program Files\Lenovo\Bluetooth Software\;C:\Program Files\Lenovo\Bluetooth Software\syswow64;C:\Program Files\Intel\WiFi\bin\;C:\Program Files\Common Files\Intel\WirelessCommon\;d:\mongodb\bin;C:\Program Files\TortoiseSVN\bin;C:\Program Files\TortoiseGit\bin;C:\Users\suchuanzhong\AppData\Roaming\npm
10 verbose lifecycle catEyesReac-front@1.0.0~start: CWD: F:\WEB\project\catEyesReac-front
11 silly lifecycle catEyesReac-front@1.0.0~start: Args: [ '/d /s /c', 'webpack-dev-server' ]
12 silly lifecycle catEyesReac-front@1.0.0~start: Returned: code: 3221225786  signal: null
13 info lifecycle catEyesReac-front@1.0.0~start: Failed to exec start script
14 verbose stack Error: catEyesReac-front@1.0.0 start: `webpack-dev-server`
14 verbose stack Exit status 3221225786
14 verbose stack     at EventEmitter.<anonymous> (F:\node\node_modules\npm\lib\utils\lifecycle.js:255:16)
14 verbose stack     at emitTwo (events.js:106:13)
14 verbose stack     at EventEmitter.emit (events.js:191:7)
14 verbose stack     at ChildProcess.<anonymous> (F:\node\node_modules\npm\lib\utils\spawn.js:40:14)
14 verbose stack     at emitTwo (events.js:106:13)
14 verbose stack     at ChildProcess.emit (events.js:191:7)
14 verbose stack     at maybeClose (internal/child_process.js:877:16)
14 verbose stack     at Process.ChildProcess._handle.onexit (internal/child_process.js:226:5)
15 verbose pkgid catEyesReac-front@1.0.0
16 verbose cwd F:\WEB\project\catEyesReac-front
17 error Windows_NT 6.2.9200
18 error argv "F:\\node\\node.exe" "F:\\node\\node_modules\\npm\\bin\\npm-cli.js" "start"
19 error node v6.9.1
20 error npm  v3.10.8
21 error code ELIFECYCLE
22 error catEyesReac-front@1.0.0 start: `webpack-dev-server`
22 error Exit status 3221225786
23 error Failed at the catEyesReac-front@1.0.0 start script 'webpack-dev-server'.
23 error Make sure you have the latest version of node.js and npm installed.
23 error If you do, this is most likely a problem with the catEyesReac-front package,
23 error not with npm itself.
23 error Tell the author that this fails on your system:
23 error     webpack-dev-server
23 error You can get information on how to open an issue for this project with:
23 error     npm bugs catEyesReac-front
23 error Or if that isn't available, you can get their info via:
23 error     npm owner ls catEyesReac-front
23 error There is likely additional logging output above.
24 verbose exit [ 1, true ]
